[  0] ' ' : 0
[  1] ' ' : 0
[  2] ' ' : 0
[  3] ' ' : 0
[  4] ' ' : 0
[  5] ' ' : 0
[  6] ' ' : 0
[  7] ' ' : 0
[  8] ' ' : 0
[  9] ' ' : 0
[ 10] ' ' : 0
[ 11] ' ' : 0
[ 12] ' ' : 0
[ 13] ' ' : 0
[ 14] ' ' : 0
[ 15] ' ' : 0
[ 16] ' ' : 0
[ 17] ' ' : 0
[ 18] ' ' : 0
[ 19] ' ' : 0
[ 20] ' ' : 0
[ 21] ' ' : 0
[ 22] ' ' : 0
[ 23] ' ' : 0
[ 24] ' ' : 0
[ 25] ' ' : 0
[ 26] ' ' : 0
[ 27] ' ' : 0
[ 28] ' ' : 0
[ 29] ' ' : 0
[ 30] ' ' : 0
[ 31] ' ' : 0
[ 32] ' ' : 195137
[ 33] '!' : 125
[ 34] '"' : 552
[ 35] '#' : 2
[ 36] '$' : 1
[ 37] '%' : 4
[ 38] '&' : 0
[ 39] ''' : 454
[ 40] '(' : 404
[ 41] ')' : 404
[ 42] '*' : 61
[ 43] '+' : 0
[ 44] ',' : 16616
[ 45] '-' : 3667
[ 46] '.' : 8727
[ 47] '/' : 6
[ 48] '0' : 689
[ 49] '1' : 604
[ 50] '2' : 425
[ 51] '3' : 321
[ 52] '4' : 255
[ 53] '5' : 265
[ 54] '6' : 191
[ 55] '7' : 177
[ 56] '8' : 242
[ 57] '9' : 131
[ 58] ':' : 757
[ 59] ';' : 1957
[ 60] '<' : 3
[ 61] '=' : 2
[ 62] '>' : 3
[ 63] '?' : 121
[ 64] '@' : 4
[ 65] 'A' : 1649
[ 66] 'B' : 827
[ 67] 'C' : 1284
[ 68] 'D' : 390
[ 69] 'E' : 743
[ 70] 'F' : 626
[ 71] 'G' : 450
[ 72] 'H' : 544
[ 73] 'I' : 3410
[ 74] 'J' : 226
[ 75] 'K' : 72
[ 76] 'L' : 383
[ 77] 'M' : 795
[ 78] 'N' : 509
[ 79] 'O' : 683
[ 80] 'P' : 900
[ 81] 'Q' : 41
[ 82] 'R' : 502
[ 83] 'S' : 1156
[ 84] 'T' : 3068
[ 85] 'U' : 120
[ 86] 'V' : 275
[ 87] 'W' : 774
[ 88] 'X' : 24
[ 89] 'Y' : 88
[ 90] 'Z' : 62
[ 91] '[' : 395
[ 92] '\' : 0
[ 93] ']' : 395
[ 94] '^' : 0
[ 95] '_' : 99
[ 96] '`' : 0
[ 97] 'a' : 77280
[ 98] 'b' : 14749
[ 99] 'c' : 26624
[100] 'd' : 36920
[101] 'e' : 122828
[102] 'f' : 23644
[103] 'g' : 17843
[104] 'h' : 54773
[105] 'i' : 60923
[106] 'j' : 554
[107] 'k' : 5157
[108] 'l' : 38180
[109] 'm' : 20832
[110] 'n' : 64484
[111] 'o' : 67829
[112] 'p' : 15915
[113] 'q' : 1220
[114] 'r' : 58902
[115] 's' : 61509
[116] 't' : 84385
[117] 'u' : 24761
[118] 'v' : 10376
[119] 'w' : 18503
[120] 'x' : 1787
[121] 'y' : 15824
[122] 'z' : 839
[123] '{' : 0
[124] '|' : 0
[125] '}' : 0
[126] '~' : 1
[127] ' ' : 0
[128] ' ' : 0
[129] ' ' : 0
[130] ' ' : 0
[131] ' ' : 0
[132] ' ' : 0
[133] ' ' : 0
[134] ' ' : 0
[135] ' ' : 0
[136] ' ' : 0
[137] ' ' : 0
[138] ' ' : 0
[139] ' ' : 0
[140] ' ' : 0
[141] ' ' : 0
[142] ' ' : 0
[143] ' ' : 0
[144] ' ' : 0
[145] ' ' : 0
[146] ' ' : 0
[147] ' ' : 0
[148] ' ' : 0
[149] ' ' : 0
[150] ' ' : 0
[151] ' ' : 0
[152] ' ' : 0
[153] ' ' : 0
[154] ' ' : 0
[155] ' ' : 0
[156] ' ' : 0
[157] ' ' : 0
[158] ' ' : 0
[159] ' ' : 0
[160] ' ' : 0
[161] '¡' : 0
[162] '¢' : 0
[163] '£' : 0
[164] '¤' : 0
[165] '¥' : 0
[166] '¦' : 0
[167] '§' : 0
[168] '¨' : 0
[169] '©' : 0
[170] 'ª' : 0
[171] '«' : 0
[172] '¬' : 0
[173] '­' : 0
[174] '®' : 0
[175] '¯' : 0
[176] '°' : 0
[177] '±' : 0
[178] '²' : 0
[179] '³' : 0
[180] '´' : 0
[181] 'µ' : 0
[182] '¶' : 0
[183] '·' : 0
[184] '¸' : 0
[185] '¹' : 0
[186] 'º' : 0
[187] '»' : 0
[188] '¼' : 0
[189] '½' : 0
[190] '¾' : 0
[191] '¿' : 0
[192] 'À' : 0
[193] 'Á' : 0
[194] 'Â' : 0
[195] 'Ã' : 0
[196] 'Ä' : 0
[197] 'Å' : 0
[198] 'Æ' : 0
[199] 'Ç' : 0
[200] 'È' : 0
[201] 'É' : 0
[202] 'Ê' : 0
[203] 'Ë' : 0
[204] 'Ì' : 0
[205] 'Í' : 0
[206] 'Î' : 0
[207] 'Ï' : 0
[208] 'Ð' : 0
[209] 'Ñ' : 0
[210] 'Ò' : 0
[211] 'Ó' : 0
[212] 'Ô' : 0
[213] 'Õ' : 0
[214] 'Ö' : 0
[215] '×' : 0
[216] 'Ø' : 0
[217] 'Ù' : 0
[218] 'Ú' : 0
[219] 'Û' : 0
[220] 'Ü' : 0
[221] 'Ý' : 0
[222] 'Þ' : 0
[223] 'ß' : 0
[224] 'à' : 0
[225] 'á' : 0
[226] 'â' : 0
[227] 'ã' : 0
[228] 'ä' : 0
[229] 'å' : 0
[230] 'æ' : 0
[231] 'ç' : 0
[232] 'è' : 0
[233] 'é' : 0
[234] 'ê' : 0
[235] 'ë' : 0
[236] 'ì' : 0
[237] 'í' : 0
[238] 'î' : 0
[239] 'ï' : 0
[240] 'ð' : 0
[241] 'ñ' : 0
[242] 'ò' : 0
[243] 'ó' : 0
[244] 'ô' : 0
[245] 'õ' : 0
[246] 'ö' : 0
[247] '÷' : 0
[248] 'ø' : 0
[249] 'ù' : 0
[250] 'ú' : 0
[251] 'û' : 0
[252] 'ü' : 0
[253] 'ý' : 0
[254] 'þ' : 0
[255] 'ÿ' : 0
